#
# There is insufficient memory for the Java Runtime Environment to continue.
# Native memory allocation (malloc) failed to allocate 419216 bytes for Chunk::new
# Possible reasons:
#   The system is out of physical RAM or swap space
#   The process is running with CompressedOops enabled, and the Java Heap may be blocking the growth of the native heap
# Possible solutions:
#   Reduce memory load on the system
#   Increase physical memory or swap space
#   Check if swap backing store is full
#   Decrease Java heap size (-Xmx/-Xms)
#   Decrease number of Java threads
#   Decrease Java thread stack sizes (-Xss)
#   Set larger code cache with -XX:ReservedCodeCacheSize=
#   JVM is running with Unscaled Compressed Oops mode in which the Java heap is
#     placed in the first 4GB address space. The Java Heap base address is the
#     maximum limit for the native heap growth. Please use -XX:HeapBaseMinAddress
#     to set the Java Heap base and to place the Java Heap above 4GB virtual address.
# This output file may be truncated or incomplete.
#
#  Out of Memory Error (./open/src/hotspot/share/memory/arena.cpp:197), pid=31292, tid=25708
#
# JRE version: Java(TM) SE Runtime Environment 18.9 (11.0.16.1+1) (build 11.0.16.1+1-LTS-1)
# Java VM: Java HotSpot(TM) 64-Bit Server VM 18.9 (11.0.16.1+1-LTS-1, mixed mode, tiered, compressed oops, g1 gc, windows-amd64)
# No core dump will be written. Minidumps are not enabled by default on client versions of Windows
#

---------------  S U M M A R Y ------------

Command Line: -XX:MaxMetaspaceSize=512m --add-opens=java.base/java.util=ALL-UNNAMED --add-opens=java.base/java.lang=ALL-UNNAMED --add-opens=java.base/java.lang.invoke=ALL-UNNAMED --add-opens=java.prefs/java.util.prefs=ALL-UNNAMED --add-opens=java.base/java.nio.charset=ALL-UNNAMED --add-opens=java.base/java.net=ALL-UNNAMED --add-opens=java.base/java.util.concurrent.atomic=ALL-UNNAMED -Xmx2048m -Dfile.encoding=windows-1252 -Duser.country=IN -Duser.language=en -Duser.variant org.gradle.launcher.daemon.bootstrap.GradleDaemon 8.0.1

Host: 11th Gen Intel(R) Core(TM) i3-1115G4 @ 3.00GHz, 4 cores, 7G,  Windows 11 , 64 bit Build 22621 (10.0.22621.2215)
Time: Tue Oct  3 12:07:38 2023 India Standard Time elapsed time: 212.328844 seconds (0d 0h 3m 32s)

---------------  T H R E A D  ---------------

Current thread (0x00000147fc971800):  JavaThread "C2 CompilerThread0" daemon [_thread_in_native, id=25708, stack(0x0000002d11700000,0x0000002d11800000)]


Current CompileTask:
C2: 212328 2671   !   4       java.net.URL::<init> (543 bytes)

Stack: [0x0000002d11700000,0x0000002d11800000]
Native frames: (J=compiled Java code, j=interpreted, Vv=VM code, C=native code)
V  [jvm.dll+0x62a3da]
V  [jvm.dll+0x76407f]
V  [jvm.dll+0x765729]
V  [jvm.dll+0x765db3]
V  [jvm.dll+0x23dc18]
V  [jvm.dll+0xb2a1c]
V  [jvm.dll+0xb2fdc]
V  [jvm.dll+0x1f7ef7]
V  [jvm.dll+0x5c09b5]
V  [jvm.dll+0x5bf86e]
V  [jvm.dll+0x1f8527]
V  [jvm.dll+0x1f786d]
V  [jvm.dll+0x177c81]
V  [jvm.dll+0x207186]
V  [jvm.dll+0x20531b]
V  [jvm.dll+0x729f60]
V  [jvm.dll+0x722b34]
V  [jvm.dll+0x629276]
C  [ucrtbase.dll+0x29363]
C  [KERNEL32.DLL+0x1257d]
C  [ntdll.dll+0x5aa68]


---------------  P R O C E S S  ---------------

Threads class SMR info:
_java_thread_list=0x00000147fcc68d40, length=25, elements={
0x00000147de89a800, 0x00000147fc008000, 0x00000147fc012000, 0x00000147fc01d800,
0x00000147fc020800, 0x00000147fc024800, 0x00000147fc971800, 0x00000147fc9d1000,
0x00000147fc9d4800, 0x00000147fcad4000, 0x00000147fe0f8800, 0x00000147fdb4d800,
0x00000147fe53e800, 0x00000147fdb4c800, 0x00000147febc4000, 0x00000147fd81c800,
0x00000147fd326800, 0x00000147ff043000, 0x00000147fe066800, 0x00000147fe067000,
0x00000147fe064800, 0x00000147fe063000, 0x00000147fe068000, 0x00000147fe062000,
0x00000147fe068800
}

Java Threads: ( => current thread )
  0x00000147de89a800 JavaThread "main" [_thread_blocked, id=32268, stack(0x0000002d10b00000,0x0000002d10c00000)]
  0x00000147fc008000 JavaThread "Reference Handler" daemon [_thread_blocked, id=32556, stack(0x0000002d11200000,0x0000002d11300000)]
  0x00000147fc012000 JavaThread "Finalizer" daemon [_thread_blocked, id=32560, stack(0x0000002d11300000,0x0000002d11400000)]
  0x00000147fc01d800 JavaThread "Signal Dispatcher" daemon [_thread_blocked, id=32564, stack(0x0000002d11400000,0x0000002d11500000)]
  0x00000147fc020800 JavaThread "Attach Listener" daemon [_thread_blocked, id=32664, stack(0x0000002d11500000,0x0000002d11600000)]
  0x00000147fc024800 JavaThread "Service Thread" daemon [_thread_blocked, id=25700, stack(0x0000002d11600000,0x0000002d11700000)]
=>0x00000147fc971800 JavaThread "C2 CompilerThread0" daemon [_thread_in_native, id=25708, stack(0x0000002d11700000,0x0000002d11800000)]
  0x00000147fc9d1000 JavaThread "C1 CompilerThread0" daemon [_thread_blocked, id=32956, stack(0x0000002d11800000,0x0000002d11900000)]
  0x00000147fc9d4800 JavaThread "Sweeper thread" daemon [_thread_blocked, id=31312, stack(0x0000002d11900000,0x0000002d11a00000)]
  0x00000147fcad4000 JavaThread "Common-Cleaner" daemon [_thread_blocked, id=33872, stack(0x0000002d11a00000,0x0000002d11b00000)]
  0x00000147fe0f8800 JavaThread "Daemon health stats" [_thread_blocked, id=15424, stack(0x0000002d10a00000,0x0000002d10b00000)]
  0x00000147fdb4d800 JavaThread "Incoming local TCP Connector on port 56178" [_thread_in_native, id=10440, stack(0x0000002d11e00000,0x0000002d11f00000)]
  0x00000147fe53e800 JavaThread "Daemon periodic checks" [_thread_in_native, id=28776, stack(0x0000002d11f00000,0x0000002d12000000)]
  0x00000147fdb4c800 JavaThread "Daemon" [_thread_blocked, id=32476, stack(0x0000002d12200000,0x0000002d12300000)]
  0x00000147febc4000 JavaThread "Handler for socket connection from /127.0.0.1:56178 to /127.0.0.1:56249" [_thread_in_native, id=23564, stack(0x0000002d12300000,0x0000002d12400000)]
  0x00000147fd81c800 JavaThread "Cancel handler" [_thread_blocked, id=14008, stack(0x0000002d10900000,0x0000002d10a00000)]
  0x00000147fd326800 JavaThread "Daemon worker" [_thread_in_Java, id=17164, stack(0x0000002d11d00000,0x0000002d11e00000)]
  0x00000147ff043000 JavaThread "Asynchronous log dispatcher for DefaultDaemonConnection: socket connection from /127.0.0.1:56178 to /127.0.0.1:56249" [_thread_blocked, id=30184, stack(0x0000002d12400000,0x0000002d12500000)]
  0x00000147fe066800 JavaThread "Daemon client event forwarder" [_thread_blocked, id=19688, stack(0x0000002d12600000,0x0000002d12700000)]
  0x00000147fe067000 JavaThread "Cache worker for journal cache (C:\Users\ulaga\.gradle\caches\journal-1)" [_thread_blocked, id=28984, stack(0x0000002d12900000,0x0000002d12a00000)]
  0x00000147fe064800 JavaThread "File lock request listener" [_thread_in_native, id=30488, stack(0x0000002d12a00000,0x0000002d12b00000)]
  0x00000147fe063000 JavaThread "File lock release action executor" [_thread_blocked, id=30496, stack(0x0000002d12b00000,0x0000002d12c00000)]
  0x00000147fe068000 JavaThread "Cache worker for file hash cache (C:\Users\ulaga\.gradle\caches\8.0.1\fileHashes)" [_thread_blocked, id=33508, stack(0x0000002d12c00000,0x0000002d12d00000)]
  0x00000147fe062000 JavaThread "File watcher server" daemon [_thread_in_native, id=29868, stack(0x0000002d12000000,0x0000002d12100000)]
  0x00000147fe068800 JavaThread "File watcher consumer" daemon [_thread_blocked, id=13892, stack(0x0000002d12100000,0x0000002d12200000)]

Other Threads:
  0x00000147fc001800 VMThread "VM Thread" [stack: 0x0000002d11100000,0x0000002d11200000] [id=28900]
  0x00000147fcb13000 WatcherThread [stack: 0x0000002d11b00000,0x0000002d11c00000] [id=33896]
  0x00000147de8b2000 GCTaskThread "GC Thread#0" [stack: 0x0000002d10c00000,0x0000002d10d00000] [id=30856]
  0x00000147fcf82800 GCTaskThread "GC Thread#1" [stack: 0x0000002d11c00000,0x0000002d11d00000] [id=30752]
  0x00000147fdef9800 GCTaskThread "GC Thread#2" [stack: 0x0000002d12700000,0x0000002d12800000] [id=27776]
  0x00000147fd964000 GCTaskThread "GC Thread#3" [stack: 0x0000002d12800000,0x0000002d12900000] [id=30784]
  0x00000147de8e1800 ConcurrentGCThread "G1 Main Marker" [stack: 0x0000002d10d00000,0x0000002d10e00000] [id=23880]
  0x00000147de8e4000 ConcurrentGCThread "G1 Conc#0" [stack: 0x0000002d10e00000,0x0000002d10f00000] [id=23044]
  0x00000147fbe80800 ConcurrentGCThread "G1 Refine#0" [stack: 0x0000002d10f00000,0x0000002d11000000] [id=31752]
  0x00000147fbe81800 ConcurrentGCThread "G1 Young RemSet Sampling" [stack: 0x0000002d11000000,0x0000002d11100000] [id=31608]

Threads with active compile tasks:
C2 CompilerThread0   212355 2671   !   4       java.net.URL::<init> (543 bytes)

VM state:not at safepoint (normal execution)

VM Mutex/Monitor currently owned by a thread: None

Heap address: 0x0000000080000000, size: 2048 MB, Compressed Oops mode: 32-bit
Narrow klass base: 0x0000000000000000, Narrow klass shift: 3
Compressed class space size: 528482304 Address: 0x0000000100000000

Heap:
 garbage-first heap   total 126976K, used 33263K [0x0000000080000000, 0x0000000100000000)
  region size 1024K, 16 young (16384K), 3 survivors (3072K)
 Metaspace       used 27426K, capacity 28051K, committed 28208K, reserved 540672K
  class space    used 3586K, capacity 3844K, committed 3968K, reserved 516096K
Heap Regions: E=young(eden), S=young(survivor), O=old, HS=humongous(starts), HC=humongous(continues), CS=collection set, F=free, A=archive, TAMS=top-at-mark-start (previous, next)
|   0|0x0000000080000000, 0x0000000080100000, 0x0000000080100000|100%| O|  |TAMS 0x0000000080100000, 0x0000000080000000| Untracked 
|   1|0x0000000080100000, 0x0000000080200000, 0x0000000080200000|100%| O|  |TAMS 0x0000000080200000, 0x0000000080100000| Untracked 
|   2|0x0000000080200000, 0x0000000080300000, 0x0000000080300000|100%| O|  |TAMS 0x0000000080300000, 0x0000000080200000| Untracked 
|   3|0x0000000080300000, 0x0000000080400000, 0x0000000080400000|100%|HS|  |TAMS 0x0000000080400000, 0x0000000080300000| Complete 
|   4|0x0000000080400000, 0x0000000080500000, 0x0000000080500000|100%|HC|  |TAMS 0x0000000080500000, 0x0000000080400000| Complete 
|   5|0x0000000080500000, 0x0000000080600000, 0x0000000080600000|100%|HC|  |TAMS 0x0000000080600000, 0x0000000080500000| Complete 
|   6|0x0000000080600000, 0x0000000080700000, 0x0000000080700000|100%|HC|  |TAMS 0x0000000080700000, 0x0000000080600000| Complete 
|   7|0x0000000080700000, 0x0000000080800000, 0x0000000080800000|100%| O|  |TAMS 0x0000000080800000, 0x0000000080700000| Untracked 
|   8|0x0000000080800000, 0x0000000080900000, 0x0000000080900000|100%| O|  |TAMS 0x0000000080900000, 0x0000000080800000| Untracked 
|   9|0x0000000080900000, 0x0000000080a00000, 0x0000000080a00000|100%| O|  |TAMS 0x0000000080a00000, 0x0000000080900000| Untracked 
|  10|0x0000000080a00000, 0x0000000080b00000, 0x0000000080b00000|100%| O|  |TAMS 0x0000000080b00000, 0x0000000080a00000| Untracked 
|  11|0x0000000080b00000, 0x0000000080c00000, 0x0000000080c00000|100%| O|  |TAMS 0x0000000080c00000, 0x0000000080b00000| Untracked 
|  12|0x0000000080c00000, 0x0000000080d00000, 0x0000000080d00000|100%| O|  |TAMS 0x0000000080d00000, 0x0000000080c00000| Untracked 
|  13|0x0000000080d00000, 0x0000000080e00000, 0x0000000080e00000|100%| O|  |TAMS 0x0000000080e00000, 0x0000000080d00000| Untracked 
|  14|0x0000000080e00000, 0x0000000080f00000, 0x0000000080f00000|100%| O|  |TAMS 0x0000000080f00000, 0x0000000080e00000| Untracked 
|  15|0x0000000080f00000, 0x0000000081000000, 0x0000000081000000|100%| O|  |TAMS 0x0000000081000000, 0x0000000080f00000| Untracked 
|  16|0x0000000081000000, 0x0000000081100000, 0x0000000081100000|100%| O|  |TAMS 0x0000000081100000, 0x0000000081000000| Untracked 
|  17|0x0000000081100000, 0x0000000081200000, 0x0000000081200000|100%| O|  |TAMS 0x0000000081153c00, 0x0000000081100000| Untracked 
|  18|0x0000000081200000, 0x0000000081216600, 0x0000000081300000|  8%| O|  |TAMS 0x0000000081200000, 0x0000000081200000| Untracked 
|  19|0x0000000081300000, 0x0000000081300000, 0x0000000081400000|  0%| F|  |TAMS 0x0000000081300000, 0x0000000081300000| Untracked 
|  20|0x0000000081400000, 0x0000000081400000, 0x0000000081500000|  0%| F|  |TAMS 0x0000000081400000, 0x0000000081400000| Untracked 
|  21|0x0000000081500000, 0x0000000081500000, 0x0000000081600000|  0%| F|  |TAMS 0x0000000081500000, 0x0000000081500000| Untracked 
|  22|0x0000000081600000, 0x0000000081600000, 0x0000000081700000|  0%| F|  |TAMS 0x0000000081600000, 0x0000000081600000| Untracked 
|  23|0x0000000081700000, 0x0000000081700000, 0x0000000081800000|  0%| F|  |TAMS 0x0000000081700000, 0x0000000081700000| Untracked 
|  24|0x0000000081800000, 0x0000000081800000, 0x0000000081900000|  0%| F|  |TAMS 0x0000000081800000, 0x0000000081800000| Untracked 
|  25|0x0000000081900000, 0x0000000081900000, 0x0000000081a00000|  0%| F|  |TAMS 0x0000000081900000, 0x0000000081900000| Untracked 
|  26|0x0000000081a00000, 0x0000000081a00000, 0x0000000081b00000|  0%| F|  |TAMS 0x0000000081a00000, 0x0000000081a00000| Untracked 
|  27|0x0000000081b00000, 0x0000000081b00000, 0x0000000081c00000|  0%| F|  |TAMS 0x0000000081b00000, 0x0000000081b00000| Untracked 
|  28|0x0000000081c00000, 0x0000000081c00000, 0x0000000081d00000|  0%| F|  |TAMS 0x0000000081c00000, 0x0000000081c00000| Untracked 
|  29|0x0000000081d00000, 0x0000000081d00000, 0x0000000081e00000|  0%| F|  |TAMS 0x0000000081d00000, 0x0000000081d00000| Untracked 
|  30|0x0000000081e00000, 0x0000000081e00000, 0x0000000081f00000|  0%| F|  |TAMS 0x0000000081e00000, 0x0000000081e00000| Untracked 
|  31|0x0000000081f00000, 0x0000000081f00000, 0x0000000082000000|  0%| F|  |TAMS 0x0000000081f00000, 0x0000000081f00000| Untracked 
|  32|0x0000000082000000, 0x0000000082000000, 0x0000000082100000|  0%| F|  |TAMS 0x0000000082000000, 0x0000000082000000| Untracked 
|  33|0x0000000082100000, 0x0000000082100000, 0x0000000082200000|  0%| F|  |TAMS 0x0000000082100000, 0x0000000082100000| Untracked 
|  34|0x0000000082200000, 0x0000000082200000, 0x0000000082300000|  0%| F|  |TAMS 0x0000000082200000, 0x0000000082200000| Untracked 
|  35|0x0000000082300000, 0x0000000082300000, 0x0000000082400000|  0%| F|  |TAMS 0x0000000082300000, 0x0000000082300000| Untracked 
|  36|0x0000000082400000, 0x0000000082400000, 0x0000000082500000|  0%| F|  |TAMS 0x0000000082400000, 0x0000000082400000| Untracked 
|  37|0x0000000082500000, 0x0000000082500000, 0x0000000082600000|  0%| F|  |TAMS 0x0000000082500000, 0x0000000082500000| Untracked 
|  38|0x0000000082600000, 0x0000000082600000, 0x0000000082700000|  0%| F|  |TAMS 0x0000000082600000, 0x0000000082600000| Untracked 
|  39|0x0000000082700000, 0x0000000082700000, 0x0000000082800000|  0%| F|  |TAMS 0x0000000082700000, 0x0000000082700000| Untracked 
|  40|0x0000000082800000, 0x0000000082800000, 0x0000000082900000|  0%| F|  |TAMS 0x0000000082800000, 0x0000000082800000| Untracked 
|  41|0x0000000082900000, 0x0000000082900000, 0x0000000082a00000|  0%| F|  |TAMS 0x0000000082900000, 0x0000000082900000| Untracked 
|  42|0x0000000082a00000, 0x0000000082a00000, 0x0000000082b00000|  0%| F|  |TAMS 0x0000000082a00000, 0x0000000082a00000| Untracked 
|  43|0x0000000082b00000, 0x0000000082b00000, 0x0000000082c00000|  0%| F|  |TAMS 0x0000000082b00000, 0x0000000082b00000| Untracked 
|  44|0x0000000082c00000, 0x0000000082c00000, 0x0000000082d00000|  0%| F|  |TAMS 0x0000000082c00000, 0x0000000082c00000| Untracked 
|  45|0x0000000082d00000, 0x0000000082d00000, 0x0000000082e00000|  0%| F|  |TAMS 0x0000000082d00000, 0x0000000082d00000| Untracked 
|  46|0x0000000082e00000, 0x0000000082e00000, 0x0000000082f00000|  0%| F|  |TAMS 0x0000000082e00000, 0x0000000082e00000| Untracked 
|  47|0x0000000082f00000, 0x0000000082f00000, 0x0000000083000000|  0%| F|  |TAMS 0x0000000082f00000, 0x0000000082f00000| Untracked 
|  48|0x0000000083000000, 0x0000000083000000, 0x0000000083100000|  0%| F|  |TAMS 0x0000000083000000, 0x0000000083000000| Untracked 
|  49|0x0000000083100000, 0x0000000083100000, 0x0000000083200000|  0%| F|  |TAMS 0x0000000083100000, 0x0000000083100000| Untracked 
|  50|0x0000000083200000, 0x0000000083200000, 0x0000000083300000|  0%| F|  |TAMS 0x0000000083200000, 0x0000000083200000| Untracked 
|  51|0x0000000083300000, 0x0000000083300000, 0x0000000083400000|  0%| F|  |TAMS 0x0000000083300000, 0x0000000083300000| Untracked 
|  52|0x0000000083400000, 0x0000000083400000, 0x0000000083500000|  0%| F|  |TAMS 0x0000000083400000, 0x0000000083400000| Untracked 
|  53|0x0000000083500000, 0x0000000083500000, 0x0000000083600000|  0%| F|  |TAMS 0x0000000083500000, 0x0000000083500000| Untracked 
|  54|0x0000000083600000, 0x0000000083600000, 0x0000000083700000|  0%| F|  |TAMS 0x0000000083600000, 0x0000000083600000| Untracked 
|  55|0x0000000083700000, 0x0000000083700000, 0x0000000083800000|  0%| F|  |TAMS 0x0000000083700000, 0x0000000083700000| Untracked 
|  56|0x0000000083800000, 0x0000000083800000, 0x0000000083900000|  0%| F|  |TAMS 0x0000000083800000, 0x0000000083800000| Untracked 
|  57|0x0000000083900000, 0x0000000083900000, 0x0000000083a00000|  0%| F|  |TAMS 0x0000000083900000, 0x0000000083900000| Untracked 
|  58|0x0000000083a00000, 0x0000000083a00000, 0x0000000083b00000|  0%| F|  |TAMS 0x0000000083a00000, 0x0000000083a00000| Untracked 
|  59|0x0000000083b00000, 0x0000000083b00000, 0x0000000083c00000|  0%| F|  |TAMS 0x0000000083b00000, 0x0000000083b00000| Untracked 
|  60|0x0000000083c00000, 0x0000000083c00000, 0x0000000083d00000|  0%| F|  |TAMS 0x0000000083c00000, 0x0000000083c00000| Untracked 
|  61|0x0000000083d00000, 0x0000000083d00000, 0x0000000083e00000|  0%| F|  |TAMS 0x0000000083d00000, 0x0000000083d00000| Untracked 
|  62|0x0000000083e00000, 0x0000000083e00000, 0x0000000083f00000|  0%| F|  |TAMS 0x0000000083e00000, 0x0000000083e00000| Untracked 
|  63|0x0000000083f00000, 0x0000000083f00000, 0x0000000084000000|  0%| F|  |TAMS 0x0000000083f00000, 0x0000000083f00000| Untracked 
|  64|0x0000000084000000, 0x0000000084000000, 0x0000000084100000|  0%| F|  |TAMS 0x0000000084000000, 0x0000000084000000| Untracked 
|  65|0x0000000084100000, 0x0000000084100000, 0x0000000084200000|  0%| F|  |TAMS 0x0000000084100000, 0x0000000084100000| Untracked 
|  66|0x0000000084200000, 0x0000000084200000, 0x0000000084300000|  0%| F|  |TAMS 0x0000000084200000, 0x0000000084200000| Untracked 
|  67|0x0000000084300000, 0x0000000084300000, 0x0000000084400000|  0%| F|  |TAMS 0x0000000084300000, 0x0000000084300000| Untracked 
|  68|0x0000000084400000, 0x0000000084400000, 0x0000000084500000|  0%| F|  |TAMS 0x0000000084400000, 0x0000000084400000| Untracked 
|  69|0x0000000084500000, 0x0000000084500000, 0x0000000084600000|  0%| F|  |TAMS 0x0000000084500000, 0x0000000084500000| Untracked 
|  70|0x0000000084600000, 0x0000000084600000, 0x0000000084700000|  0%| F|  |TAMS 0x0000000084600000, 0x0000000084600000| Untracked 
|  71|0x0000000084700000, 0x0000000084700000, 0x0000000084800000|  0%| F|  |TAMS 0x0000000084700000, 0x0000000084700000| Untracked 
|  72|0x0000000084800000, 0x0000000084800000, 0x0000000084900000|  0%| F|  |TAMS 0x0000000084800000, 0x0000000084800000| Untracked 
|  73|0x0000000084900000, 0x0000000084900000, 0x0000000084a00000|  0%| F|  |TAMS 0x0000000084900000, 0x0000000084900000| Untracked 
|  74|0x0000000084a00000, 0x0000000084a00000, 0x0000000084b00000|  0%| F|  |TAMS 0x0000000084a00000, 0x0000000084a00000| Untracked 
|  75|0x0000000084b00000, 0x0000000084b00000, 0x0000000084c00000|  0%| F|  |TAMS 0x0000000084b00000, 0x0000000084b00000| Untracked 
|  76|0x0000000084c00000, 0x0000000084c00000, 0x0000000084d00000|  0%| F|  |TAMS 0x0000000084c00000, 0x0000000084c00000| Untracked 
|  77|0x0000000084d00000, 0x0000000084d00000, 0x0000000084e00000|  0%| F|  |TAMS 0x0000000084d00000, 0x0000000084d00000| Untracked 
|  78|0x0000000084e00000, 0x0000000084e00000, 0x0000000084f00000|  0%| F|  |TAMS 0x0000000084e00000, 0x0000000084e00000| Untracked 
|  79|0x0000000084f00000, 0x0000000084f00000, 0x0000000085000000|  0%| F|  |TAMS 0x0000000084f00000, 0x0000000084f00000| Untracked 
|  80|0x0000000085000000, 0x0000000085000000, 0x0000000085100000|  0%| F|  |TAMS 0x0000000085000000, 0x0000000085000000| Untracked 
|  81|0x0000000085100000, 0x0000000085100000, 0x0000000085200000|  0%| F|  |TAMS 0x0000000085100000, 0x0000000085100000| Untracked 
|  82|0x0000000085200000, 0x0000000085200000, 0x0000000085300000|  0%| F|  |TAMS 0x0000000085200000, 0x0000000085200000| Untracked 
|  83|0x0000000085300000, 0x0000000085300000, 0x0000000085400000|  0%| F|  |TAMS 0x0000000085300000, 0x0000000085300000| Untracked 
|  84|0x0000000085400000, 0x0000000085400000, 0x0000000085500000|  0%| F|  |TAMS 0x0000000085400000, 0x0000000085400000| Untracked 
|  85|0x0000000085500000, 0x0000000085500000, 0x0000000085600000|  0%| F|  |TAMS 0x0000000085500000, 0x0000000085500000| Untracked 
|  86|0x0000000085600000, 0x0000000085600000, 0x0000000085700000|  0%| F|  |TAMS 0x0000000085600000, 0x0000000085600000| Untracked 
|  87|0x0000000085700000, 0x0000000085700000, 0x0000000085800000|  0%| F|  |TAMS 0x0000000085700000, 0x0000000085700000| Untracked 
|  88|0x0000000085800000, 0x0000000085800000, 0x0000000085900000|  0%| F|  |TAMS 0x0000000085800000, 0x0000000085800000| Untracked 
|  89|0x0000000085900000, 0x0000000085900000, 0x0000000085a00000|  0%| F|  |TAMS 0x0000000085900000, 0x0000000085900000| Untracked 
|  90|0x0000000085a00000, 0x0000000085a00000, 0x0000000085b00000|  0%| F|  |TAMS 0x0000000085a00000, 0x0000000085a00000| Untracked 
|  91|0x0000000085b00000, 0x0000000085b00000, 0x0000000085c00000|  0%| F|  |TAMS 0x0000000085b00000, 0x0000000085b00000| Untracked 
|  92|0x0000000085c00000, 0x0000000085c00000, 0x0000000085d00000|  0%| F|  |TAMS 0x0000000085c00000, 0x0000000085c00000| Untracked 
|  93|0x0000000085d00000, 0x0000000085d00000, 0x0000000085e00000|  0%| F|  |TAMS 0x0000000085d00000, 0x0000000085d00000| Untracked 
|  94|0x0000000085e00000, 0x0000000085e00000, 0x0000000085f00000|  0%| F|  |TAMS 0x0000000085e00000, 0x0000000085e00000| Untracked 
|  95|0x0000000085f00000, 0x0000000085f00000, 0x0000000086000000|  0%| F|  |TAMS 0x0000000085f00000, 0x0000000085f00000| Untracked 
|  96|0x0000000086000000, 0x0000000086000000, 0x0000000086100000|  0%| F|  |TAMS 0x0000000086000000, 0x0000000086000000| Untracked 
|  97|0x0000000086100000, 0x0000000086100000, 0x0000000086200000|  0%| F|  |TAMS 0x0000000086100000, 0x0000000086100000| Untracked 
|  98|0x0000000086200000, 0x0000000086200000, 0x0000000086300000|  0%| F|  |TAMS 0x0000000086200000, 0x0000000086200000| Untracked 
|  99|0x0000000086300000, 0x0000000086300000, 0x0000000086400000|  0%| F|  |TAMS 0x0000000086300000, 0x0000000086300000| Untracked 
| 100|0x0000000086400000, 0x0000000086400000, 0x0000000086500000|  0%| F|  |TAMS 0x0000000086400000, 0x0000000086400000| Untracked 
| 101|0x0000000086500000, 0x0000000086500000, 0x0000000086600000|  0%| F|  |TAMS 0x0000000086500000, 0x0000000086500000| Untracked 
| 102|0x0000000086600000, 0x0000000086665970, 0x0000000086700000| 39%| S|CS|TAMS 0x0000000086600000, 0x0000000086600000| Complete 
| 103|0x0000000086700000, 0x0000000086800000, 0x0000000086800000|100%| S|CS|TAMS 0x0000000086700000, 0x0000000086700000| Complete 
| 104|0x0000000086800000, 0x0000000086900000, 0x0000000086900000|100%| S|CS|TAMS 0x0000000086800000, 0x0000000086800000| Complete 
| 105|0x0000000086900000, 0x0000000086900000, 0x0000000086a00000|  0%| F|  |TAMS 0x0000000086900000, 0x0000000086900000| Untracked 
| 106|0x0000000086a00000, 0x0000000086a00000, 0x0000000086b00000|  0%| F|  |TAMS 0x0000000086a00000, 0x0000000086a00000| Untracked 
| 107|0x0000000086b00000, 0x0000000086b00000, 0x0000000086c00000|  0%| F|  |TAMS 0x0000000086b00000, 0x0000000086b00000| Untracked 
| 108|0x0000000086c00000, 0x0000000086c00000, 0x0000000086d00000|  0%| F|  |TAMS 0x0000000086c00000, 0x0000000086c00000| Untracked 
| 109|0x0000000086d00000, 0x0000000086d00000, 0x0000000086e00000|  0%| F|  |TAMS 0x0000000086d00000, 0x0000000086d00000| Untracked 
| 110|0x0000000086e00000, 0x0000000086e00000, 0x0000000086f00000|  0%| F|  |TAMS 0x0000000086e00000, 0x0000000086e00000| Untracked 
| 111|0x0000000086f00000, 0x0000000086f637f0, 0x0000000087000000| 38%| E|  |TAMS 0x0000000086f00000, 0x0000000086f00000| Complete 
| 112|0x0000000087000000, 0x0000000087100000, 0x0000000087100000|100%| E|CS|TAMS 0x0000000087000000, 0x0000000087000000| Complete 
| 113|0x0000000087100000, 0x0000000087200000, 0x0000000087200000|100%| E|CS|TAMS 0x0000000087100000, 0x0000000087100000| Complete 
| 114|0x0000000087200000, 0x0000000087300000, 0x0000000087300000|100%| E|CS|TAMS 0x0000000087200000, 0x0000000087200000| Complete 
| 115|0x0000000087300000, 0x0000000087400000, 0x0000000087400000|100%| E|CS|TAMS 0x0000000087300000, 0x0000000087300000| Complete 
| 116|0x0000000087400000, 0x0000000087500000, 0x0000000087500000|100%| E|CS|TAMS 0x0000000087400000, 0x0000000087400000| Complete 
| 117|0x0000000087500000, 0x0000000087600000, 0x0000000087600000|100%| E|CS|TAMS 0x0000000087500000, 0x0000000087500000| Complete 
| 118|0x0000000087600000, 0x0000000087700000, 0x0000000087700000|100%| E|CS|TAMS 0x0000000087600000, 0x0000000087600000| Complete 
| 119|0x0000000087700000, 0x0000000087800000, 0x0000000087800000|100%| E|CS|TAMS 0x0000000087700000, 0x0000000087700000| Complete 
| 120|0x0000000087800000, 0x0000000087900000, 0x0000000087900000|100%| E|CS|TAMS 0x0000000087800000, 0x0000000087800000| Complete 
| 121|0x0000000087900000, 0x0000000087a00000, 0x0000000087a00000|100%| E|CS|TAMS 0x0000000087900000, 0x0000000087900000| Complete 
| 122|0x0000000087a00000, 0x0000000087b00000, 0x0000000087b00000|100%| E|CS|TAMS 0x0000000087a00000, 0x0000000087a00000| Complete 
| 123|0x0000000087b00000, 0x0000000087c00000, 0x0000000087c00000|100%| E|CS|TAMS 0x0000000087b00000, 0x0000000087b00000| Complete 

Card table byte_map: [0x00000147f5340000,0x00000147f5740000] _byte_map_base: 0x00000147f4f40000

Marking Bits (Prev, Next): (CMBitMap*) 0x00000147de8d8c90, (CMBitMap*) 0x00000147de8d8c58
 Prev Bits: [0x00000147f7b40000, 0x00000147f9b40000)
 Next Bits: [0x00000147f5b40000, 0x00000147f7b40000)

Polling page: 0x00000147dc760000

Metaspace:

Usage:
  Non-class:     23.64 MB capacity,    23.28 MB ( 98%) used,   307.76 KB (  1%) free+waste,    59.44 KB ( <1%) overhead. 
      Class:      3.75 MB capacity,     3.50 MB ( 93%) used,   226.91 KB (  6%) free+waste,    30.88 KB ( <1%) overhead. 
       Both:     27.39 MB capacity,    26.78 MB ( 98%) used,   534.67 KB (  2%) free+waste,    90.31 KB ( <1%) overhead. 

Virtual space:
  Non-class space:       24.00 MB reserved,      23.67 MB ( 99%) committed 
      Class space:      504.00 MB reserved,       3.88 MB ( <1%) committed 
             Both:      528.00 MB reserved,      27.55 MB (  5%) committed 

Chunk freelists:
   Non-Class:  4.13 KB
       Class:  0 bytes
        Both:  4.13 KB

CodeHeap 'non-profiled nmethods': size=120064Kb used=1398Kb max_used=1398Kb free=118665Kb
 bounds [0x00000147eda00000, 0x00000147edc70000, 0x00000147f4f40000]
CodeHeap 'profiled nmethods': size=120000Kb used=5552Kb max_used=5552Kb free=114447Kb
 bounds [0x00000147e64d0000, 0x00000147e6a40000, 0x00000147eda00000]
CodeHeap 'non-nmethods': size=5696Kb used=1177Kb max_used=1211Kb free=4518Kb
 bounds [0x00000147e5f40000, 0x00000147e61b0000, 0x00000147e64d0000]
 total_blobs=3189 nmethods=2679 adapters=421
 compilation: enabled
              stopped_count=0, restarted_count=0
 full_count=0

Compilation events (10 events):
Event: 212.164 Thread 0x00000147fc9d1000 2675       3       java.lang.invoke.TypeConvertingMethodAdapter::<init> (8 bytes)
Event: 212.164 Thread 0x00000147fc9d1000 nmethod 2675 0x00000147e6a2d010 code [0x00000147e6a2d1c0, 0x00000147e6a2d3f8]
Event: 212.173 Thread 0x00000147fc9d1000 2676       3       java.lang.reflect.Constructor::acquireConstructorAccessor (44 bytes)
Event: 212.174 Thread 0x00000147fc9d1000 nmethod 2676 0x00000147e6a2d510 code [0x00000147e6a2d700, 0x00000147e6a2dbd8]
Event: 212.174 Thread 0x00000147fc9d1000 2677       3       java.lang.invoke.InnerClassLambdaMetafactory::<init> (240 bytes)
Event: 212.178 Thread 0x00000147fc9d1000 nmethod 2677 0x00000147e6a2dd90 code [0x00000147e6a2e1e0, 0x00000147e6a302d8]
Event: 212.178 Thread 0x00000147fc9d1000 2678       3       java.lang.invoke.AbstractValidatingLambdaMetafactory::<init> (474 bytes)
Event: 212.186 Thread 0x00000147fc9d1000 nmethod 2678 0x00000147e6a30e10 code [0x00000147e6a31700, 0x00000147e6a36b98]
Event: 212.186 Thread 0x00000147fc9d1000 2679       3       jdk.internal.reflect.ReflectionFactory::newMethodAccessor (119 bytes)
Event: 212.189 Thread 0x00000147fc9d1000 nmethod 2679 0x00000147e6a38610 code [0x00000147e6a38a00, 0x00000147e6a3a748]

GC Heap History (10 events):
Event: 182.060 GC heap before
{Heap before GC invocations=5 (full 0):
 garbage-first heap   total 126976K, used 30559K [0x0000000080000000, 0x0000000100000000)
  region size 1024K, 14 young (14336K), 1 survivors (1024K)
 Metaspace       used 20799K, capacity 21228K, committed 21296K, reserved 536576K
  class space    used 2513K, capacity 2686K, committed 2688K, reserved 516096K
}
Event: 182.247 GC heap after
{Heap after GC invocations=6 (full 0):
 garbage-first heap   total 126976K, used 18588K [0x0000000080000000, 0x0000000100000000)
  region size 1024K, 1 young (1024K), 1 survivors (1024K)
 Metaspace       used 20799K, capacity 21228K, committed 21296K, reserved 536576K
  class space    used 2513K, capacity 2686K, committed 2688K, reserved 516096K
}
Event: 191.616 GC heap before
{Heap before GC invocations=7 (full 0):
 garbage-first heap   total 126976K, used 30876K [0x0000000080000000, 0x0000000100000000)
  region size 1024K, 13 young (13312K), 1 survivors (1024K)
 Metaspace       used 21893K, capacity 22352K, committed 22576K, reserved 536576K
  class space    used 2703K, capacity 2889K, committed 2944K, reserved 516096K
}
Event: 191.652 GC heap after
{Heap after GC invocations=8 (full 0):
 garbage-first heap   total 126976K, used 18980K [0x0000000080000000, 0x0000000100000000)
  region size 1024K, 2 young (2048K), 2 survivors (2048K)
 Metaspace       used 21893K, capacity 22352K, committed 22576K, reserved 536576K
  class space    used 2703K, capacity 2889K, committed 2944K, reserved 516096K
}
Event: 194.917 GC heap before
{Heap before GC invocations=8 (full 0):
 garbage-first heap   total 126976K, used 32292K [0x0000000080000000, 0x0000000100000000)
  region size 1024K, 15 young (15360K), 2 survivors (2048K)
 Metaspace       used 23383K, capacity 23955K, committed 24112K, reserved 538624K
  class space    used 2946K, capacity 3173K, committed 3200K, reserved 516096K
}
Event: 195.013 GC heap after
{Heap after GC invocations=9 (full 0):
 garbage-first heap   total 126976K, used 19464K [0x0000000080000000, 0x0000000100000000)
  region size 1024K, 2 young (2048K), 2 survivors (2048K)
 Metaspace       used 23383K, capacity 23955K, committed 24112K, reserved 538624K
  class space    used 2946K, capacity 3173K, committed 3200K, reserved 516096K
}
Event: 198.660 GC heap before
{Heap before GC invocations=9 (full 0):
 garbage-first heap   total 126976K, used 33800K [0x0000000080000000, 0x0000000100000000)
  region size 1024K, 16 young (16384K), 2 survivors (2048K)
 Metaspace       used 24323K, capacity 24970K, committed 25008K, reserved 538624K
  class space    used 3104K, capacity 3319K, committed 3328K, reserved 516096K
}
Event: 198.673 GC heap after
{Heap after GC invocations=10 (full 0):
 garbage-first heap   total 126976K, used 20161K [0x0000000080000000, 0x0000000100000000)
  region size 1024K, 2 young (2048K), 2 survivors (2048K)
 Metaspace       used 24323K, capacity 24970K, committed 25008K, reserved 538624K
  class space    used 3104K, capacity 3319K, committed 3328K, reserved 516096K
}
Event: 209.133 GC heap before
{Heap before GC invocations=10 (full 0):
 garbage-first heap   total 126976K, used 37569K [0x0000000080000000, 0x0000000100000000)
  region size 1024K, 19 young (19456K), 2 survivors (2048K)
 Metaspace       used 26211K, capacity 26821K, committed 26928K, reserved 540672K
  class space    used 3420K, capacity 3662K, committed 3712K, reserved 516096K
}
Event: 209.153 GC heap after
{Heap after GC invocations=11 (full 0):
 garbage-first heap   total 126976K, used 20975K [0x0000000080000000, 0x0000000100000000)
  region size 1024K, 3 young (3072K), 3 survivors (3072K)
 Metaspace       used 26211K, capacity 26821K, committed 26928K, reserved 540672K
  class space    used 3420K, capacity 3662K, committed 3712K, reserved 516096K
}

Deoptimization events (10 events):
Event: 179.865 Thread 0x00000147fd326800 Uncommon trap: reason=unstable_if action=reinterpret pc=0x00000147eda7c824 method=java.util.regex.Matcher.reset()Ljava/util/regex/Matcher; @ 71 c2
Event: 179.865 Thread 0x00000147fd326800 Uncommon trap: reason=unstable_if action=reinterpret pc=0x00000147eda17904 method=java.util.regex.Matcher.match(II)Z @ 76 c2
Event: 184.365 Thread 0x00000147fd326800 Uncommon trap: reason=unstable_if action=reinterpret pc=0x00000147eda19c08 method=java.io.WinNTFileSystem.resolve(Ljava/lang/String;Ljava/lang/String;)Ljava/lang/String; @ 19 c2
Event: 184.465 Thread 0x00000147fd326800 Uncommon trap: reason=bimorphic_or_optimized_type_check action=maybe_recompile pc=0x00000147eda87824 method=java.util.AbstractList$Itr.hasNext()Z @ 8 c2
Event: 184.465 Thread 0x00000147fd326800 Uncommon trap: reason=bimorphic_or_optimized_type_check action=maybe_recompile pc=0x00000147eda87334 method=java.util.AbstractList$Itr.next()Ljava/lang/Object; @ 14 c2
Event: 184.478 Thread 0x00000147fd326800 Uncommon trap: reason=unstable_if action=reinterpret pc=0x00000147eda7e884 method=java.io.File.getName()Ljava/lang/String; @ 16 c2
Event: 184.478 Thread 0x00000147fd326800 Uncommon trap: reason=unstable_if action=reinterpret pc=0x00000147eda7dc14 method=java.lang.String.substring(I)Ljava/lang/String; @ 34 c2
Event: 192.390 Thread 0x00000147fd326800 Uncommon trap: reason=intrinsic_or_type_checked_inlining action=make_not_entrant pc=0x00000147edb39758 method=java.util.Arrays.copyOf([Ljava/lang/Object;ILjava/lang/Class;)[Ljava/lang/Object; @ 35 c2
Event: 202.706 Thread 0x00000147fd326800 Uncommon trap: reason=unstable_if action=reinterpret pc=0x00000147eda233f4 method=java.util.HashMap.hash(Ljava/lang/Object;)I @ 1 c2
Event: 205.556 Thread 0x00000147fd326800 Uncommon trap: reason=predicate action=maybe_recompile pc=0x00000147edb53b0c method=com.google.common.base.CharMatcher.indexIn(Ljava/lang/CharSequence;I)I @ 19 c2

Classes redefined (0 events):
No events

Internal exceptions (10 events):
Event: 192.285 Thread 0x00000147fd326800 Exception <a 'java/lang/IncompatibleClassChangeError'{0x0000000087911b60}: Found class java.lang.Object, but interface was expected> (0x0000000087911b60) thrown at [./open/src/hotspot/share/interpreter/linkResolver.cpp, line 838]
Event: 196.245 Thread 0x00000147fd326800 Exception <a 'java/lang/NoSuchMethodError'{0x00000000875d3048}: java.lang.invoke.DirectMethodHandle$Holder.invokeVirtual(Ljava/lang/Object;Ljava/lang/Object;Ljava/lang/Object;Ljava/lang/Object;)Ljava/lang/Object;> (0x00000000875d3048) thrown at [./open/sr
Event: 196.596 Thread 0x00000147fd326800 Exception <a 'java/lang/NoSuchMethodError'{0x00000000872a4a90}: java.lang.invoke.Invokers$Holder.linkToTargetMethod(Ljava/lang/Object;Ljava/lang/Object;Ljava/lang/Object;Ljava/lang/Object;Ljava/lang/Object;Ljava/lang/Object;Ljava/lang/Object;)Ljava/lang/O
Event: 196.976 Thread 0x00000147fd326800 Exception <a 'java/lang/NoSuchMethodError'{0x0000000087036fe8}: java.lang.invoke.DirectMethodHandle$Holder.invokeVirtual(Ljava/lang/Object;Ljava/lang/Object;Ljava/lang/Object;Ljava/lang/Object;Ljava/lang/Object;Ljava/lang/Object;Ljava/lang/Object;Ljava/la
Event: 202.671 Thread 0x00000147fd326800 Exception <a 'java/lang/NoSuchMethodError'{0x0000000087717278}: java.lang.invoke.DirectMethodHandle$Holder.invokeStatic(Ljava/lang/Object;Ljava/lang/Object;Ljava/lang/Object;Ljava/lang/Object;Ljava/lang/Object;)V> (0x0000000087717278) thrown at [./open/sr
Event: 202.706 Thread 0x00000147fd326800 Implicit null exception at 0x00000147eda23358 to 0x00000147eda233ea
Event: 204.613 Thread 0x00000147fd326800 Exception <a 'java/lang/NoSuchMethodError'{0x000000008703a2f0}: java.lang.invoke.DirectMethodHandle$Holder.invokeStaticInit(Ljava/lang/Object;Ljava/lang/Object;)V> (0x000000008703a2f0) thrown at [./open/src/hotspot/share/interpreter/linkResolver.cpp, line
Event: 209.283 Thread 0x00000147fd326800 Exception <a 'java/lang/NoSuchMethodError'{0x0000000087ba4928}: java.lang.invoke.DirectMethodHandle$Holder.invokeStatic(Ljava/lang/Object;Ljava/lang/Object;Ljava/lang/Object;Ljava/lang/Object;)V> (0x0000000087ba4928) thrown at [./open/src/hotspot/share/in
Event: 209.293 Thread 0x00000147fd326800 Exception <a 'java/lang/NoSuchMethodError'{0x0000000087bc2c08}: java.lang.invoke.DirectMethodHandle$Holder.invokeVirtual(Ljava/lang/Object;Ljava/lang/Object;)I> (0x0000000087bc2c08) thrown at [./open/src/hotspot/share/interpreter/linkResolver.cpp, line 77
Event: 209.453 Thread 0x00000147fd326800 Exception <a 'java/lang/NoSuchMethodError'{0x0000000087a13218}: java.lang.invoke.DirectMethodHandle$Holder.invokeVirtual(Ljava/lang/Object;Ljava/lang/Object;Ljava/lang/Object;)I> (0x0000000087a13218) thrown at [./open/src/hotspot/share/interpreter/linkRes

Events (10 events):
Event: 212.177 loading class org/gradle/api/internal/artifacts/ivyservice/moduleconverter/dependencies/DefaultDependencyDescriptorFactory
Event: 212.177 loading class org/gradle/api/internal/artifacts/ivyservice/moduleconverter/dependencies/DefaultDependencyDescriptorFactory done
Event: 212.178 loading class org/gradle/api/internal/artifacts/ivyservice/moduleconverter/dependencies/ProjectIvyDependencyDescriptorFactory
Event: 212.178 loading class org/gradle/api/internal/artifacts/ivyservice/moduleconverter/dependencies/ProjectIvyDependencyDescriptorFactory done
Event: 212.178 loading class org/gradle/util/internal/WrapUtil
Event: 212.178 loading class org/gradle/util/internal/WrapUtil done
Event: 212.179 loading class org/gradle/api/internal/artifacts/ivyservice/moduleconverter/dependencies/DefaultLocalConfigurationMetadataBuilder
Event: 212.179 loading class org/gradle/api/internal/artifacts/ivyservice/moduleconverter/dependencies/DefaultLocalConfigurationMetadataBuilder done
Event: 212.180 loading class org/gradle/internal/component/local/model/LocalFileDependencyMetadata
Event: 212.180 loading class org/gradle/internal/component/local/model/LocalFileDependencyMetadata done


Dynamic libraries:
0x00007ff71f5e0000 - 0x00007ff71f5ef000 	C:\Program Files\Java\jdk-11.0.16.1\bin\java.exe
0x00007ffae18d0000 - 0x00007ffae1ae4000 	C:\WINDOWS\SYSTEM32\ntdll.dll
0x00007ffae1040000 - 0x00007ffae1104000 	C:\WINDOWS\System32\KERNEL32.DLL
0x00007ffaded00000 - 0x00007ffadf0a4000 	C:\WINDOWS\System32\KERNELBASE.dll
0x00007ffadf3d0000 - 0x00007ffadf4e1000 	C:\WINDOWS\System32\ucrtbase.dll
0x00007ffaca520000 - 0x00007ffaca538000 	C:\Program Files\Java\jdk-11.0.16.1\bin\jli.dll
0x00007ffae0150000 - 0x00007ffae0200000 	C:\WINDOWS\System32\ADVAPI32.dll
0x00007ffae1470000 - 0x00007ffae1517000 	C:\WINDOWS\System32\msvcrt.dll
0x00007ffadf7f0000 - 0x00007ffadf896000 	C:\WINDOWS\System32\sechost.dll
0x00007ffae0ed0000 - 0x00007ffae0fe7000 	C:\WINDOWS\System32\RPCRT4.dll
0x00007ffae0c10000 - 0x00007ffae0dbe000 	C:\WINDOWS\System32\USER32.dll
0x00007ffadf0b0000 - 0x00007ffadf0d6000 	C:\WINDOWS\System32\win32u.dll
0x00007ffae0be0000 - 0x00007ffae0c09000 	C:\WINDOWS\System32\GDI32.dll
0x00007ffadf0e0000 - 0x00007ffadf1f8000 	C:\WINDOWS\System32\gdi32full.dll
0x00007ffadf330000 - 0x00007ffadf3ca000 	C:\WINDOWS\System32\msvcp_win.dll
0x00007ffac0670000 - 0x00007ffac0685000 	C:\Program Files\Java\jdk-11.0.16.1\bin\VCRUNTIME140.dll
0x00007ffac51c0000 - 0x00007ffac5453000 	C:\WINDOWS\WinSxS\amd64_microsoft.windows.common-controls_6595b64144ccf1df_6.0.22621.2215_none_270d72677387dfc3\COMCTL32.dll
0x00007ffad5300000 - 0x00007ffad530a000 	C:\WINDOWS\SYSTEM32\VERSION.dll
0x00007ffadfd20000 - 0x00007ffadfd51000 	C:\WINDOWS\System32\IMM32.DLL
0x00007ffa95a60000 - 0x00007ffa95afb000 	C:\Program Files\Java\jdk-11.0.16.1\bin\msvcp140.dll
0x00007ffa94f40000 - 0x00007ffa95a58000 	C:\Program Files\Java\jdk-11.0.16.1\bin\server\jvm.dll
0x00007ffae1880000 - 0x00007ffae1888000 	C:\WINDOWS\System32\PSAPI.DLL
0x00007ffac00f0000 - 0x00007ffac00f9000 	C:\WINDOWS\SYSTEM32\WSOCK32.dll
0x00007ffae1790000 - 0x00007ffae1801000 	C:\WINDOWS\System32\WS2_32.dll
0x00007ffad5cd0000 - 0x00007ffad5d04000 	C:\WINDOWS\SYSTEM32\WINMM.dll
0x00007ffaddda0000 - 0x00007ffadddb8000 	C:\WINDOWS\SYSTEM32\kernel.appcore.dll
0x00007ffadb830000 - 0x00007ffadb840000 	C:\Program Files\Java\jdk-11.0.16.1\bin\verify.dll
0x00007ffadc590000 - 0x00007ffadc7be000 	C:\WINDOWS\SYSTEM32\DBGHELP.DLL
0x00007ffadfd60000 - 0x00007ffae00ea000 	C:\WINDOWS\System32\combase.dll
0x00007ffae16b0000 - 0x00007ffae1787000 	C:\WINDOWS\System32\OLEAUT32.dll
0x00007ffabce50000 - 0x00007ffabce82000 	C:\WINDOWS\SYSTEM32\dbgcore.DLL
0x00007ffadec80000 - 0x00007ffadecfa000 	C:\WINDOWS\System32\bcryptPrimitives.dll
0x00007ffa9f450000 - 0x00007ffa9f478000 	C:\Program Files\Java\jdk-11.0.16.1\bin\java.dll
0x00007ffaca6c0000 - 0x00007ffaca6ca000 	C:\Program Files\Java\jdk-11.0.16.1\bin\jimage.dll
0x00007ffab3bc0000 - 0x00007ffab3bd6000 	C:\Program Files\Java\jdk-11.0.16.1\bin\zip.dll
0x00007ffae0210000 - 0x00007ffae0a33000 	C:\WINDOWS\System32\SHELL32.dll
0x00007ffadcbd0000 - 0x00007ffadd4ba000 	C:\WINDOWS\SYSTEM32\windows.storage.dll
0x00007ffadca90000 - 0x00007ffadcbce000 	C:\WINDOWS\SYSTEM32\wintypes.dll
0x00007ffae1520000 - 0x00007ffae1613000 	C:\WINDOWS\System32\SHCORE.dll
0x00007ffae0dc0000 - 0x00007ffae0e1e000 	C:\WINDOWS\System32\shlwapi.dll
0x00007ffadebb0000 - 0x00007ffadebd6000 	C:\WINDOWS\SYSTEM32\profapi.dll
0x00007ffa9dc00000 - 0x00007ffa9dc19000 	C:\Program Files\Java\jdk-11.0.16.1\bin\net.dll
0x00007ffad6cd0000 - 0x00007ffad6e07000 	C:\WINDOWS\SYSTEM32\WINHTTP.dll
0x00007ffade240000 - 0x00007ffade2a9000 	C:\WINDOWS\system32\mswsock.dll
0x00007ffa94550000 - 0x00007ffa94562000 	C:\Program Files\Java\jdk-11.0.16.1\bin\nio.dll
0x00007ffad5a00000 - 0x00007ffad5a27000 	C:\Users\ulaga\.gradle\native\68d5fa5c4cc2d200863cafc0d521ce42e7d3e7ee720ec0a83991735586a16f82\windows-amd64\native-platform.dll
0x00007ffa948a0000 - 0x00007ffa949e4000 	C:\Users\ulaga\.gradle\native\e376f236ea51e6404a007f0833ffe2c6e607c4080706a723a18a27aeea778392\windows-amd64\native-platform-file-events.dll
0x00007ffabe810000 - 0x00007ffabe819000 	C:\Program Files\Java\jdk-11.0.16.1\bin\management.dll
0x00007ffabe800000 - 0x00007ffabe80b000 	C:\Program Files\Java\jdk-11.0.16.1\bin\management_ext.dll
0x00007ffade490000 - 0x00007ffade4ab000 	C:\WINDOWS\SYSTEM32\CRYPTSP.dll
0x00007ffaddd10000 - 0x00007ffaddd45000 	C:\WINDOWS\system32\rsaenh.dll
0x00007ffade330000 - 0x00007ffade35c000 	C:\WINDOWS\SYSTEM32\USERENV.dll
0x00007ffade650000 - 0x00007ffade678000 	C:\WINDOWS\SYSTEM32\bcrypt.dll
0x00007ffade4b0000 - 0x00007ffade4bc000 	C:\WINDOWS\SYSTEM32\CRYPTBASE.dll
0x00007ffadd7d0000 - 0x00007ffadd7fd000 	C:\WINDOWS\SYSTEM32\IPHLPAPI.DLL
0x00007ffae0200000 - 0x00007ffae0209000 	C:\WINDOWS\System32\NSI.dll
0x00007ffad6250000 - 0x00007ffad6269000 	C:\WINDOWS\SYSTEM32\dhcpcsvc6.DLL
0x00007ffad6230000 - 0x00007ffad624f000 	C:\WINDOWS\SYSTEM32\dhcpcsvc.DLL
0x00007ffadd800000 - 0x00007ffadd8f2000 	C:\WINDOWS\SYSTEM32\DNSAPI.dll

dbghelp: loaded successfully - version: 4.0.5 - missing functions: none
symbol engine: initialized successfully - sym options: 0x614 - pdb path: .;C:\Program Files\Java\jdk-11.0.16.1\bin;C:\WINDOWS\SYSTEM32;C:\WINDOWS\WinSxS\amd64_microsoft.windows.common-controls_6595b64144ccf1df_6.0.22621.2215_none_270d72677387dfc3;C:\Program Files\Java\jdk-11.0.16.1\bin\server;C:\Users\ulaga\.gradle\native\68d5fa5c4cc2d200863cafc0d521ce42e7d3e7ee720ec0a83991735586a16f82\windows-amd64;C:\Users\ulaga\.gradle\native\e376f236ea51e6404a007f0833ffe2c6e607c4080706a723a18a27aeea778392\windows-amd64

VM Arguments:
jvm_args: -XX:MaxMetaspaceSize=512m --add-opens=java.base/java.util=ALL-UNNAMED --add-opens=java.base/java.lang=ALL-UNNAMED --add-opens=java.base/java.lang.invoke=ALL-UNNAMED --add-opens=java.prefs/java.util.prefs=ALL-UNNAMED --add-opens=java.base/java.nio.charset=ALL-UNNAMED --add-opens=java.base/java.net=ALL-UNNAMED --add-opens=java.base/java.util.concurrent.atomic=ALL-UNNAMED -Xmx2048m -Dfile.encoding=windows-1252 -Duser.country=IN -Duser.language=en -Duser.variant 
java_command: org.gradle.launcher.daemon.bootstrap.GradleDaemon 8.0.1
java_class_path (initial): C:\Users\ulaga\.gradle\wrapper\dists\gradle-8.0.1-all\aro4hu1c3oeioove7l0i4i14o\gradle-8.0.1\lib\gradle-launcher-8.0.1.jar
Launcher Type: SUN_STANDARD

[Global flags]
     intx CICompilerCount                          = 3                                         {product} {ergonomic}
   size_t CompressedClassSpaceSize                 = 528482304                                 {product} {ergonomic}
     uint ConcGCThreads                            = 1                                         {product} {ergonomic}
     uint G1ConcRefinementThreads                  = 4                                         {product} {ergonomic}
   size_t G1HeapRegionSize                         = 1048576                                   {product} {ergonomic}
    uintx GCDrainStackTargetSize                   = 64                                        {product} {ergonomic}
   size_t InitialHeapSize                          = 130023424                                 {product} {ergonomic}
   size_t MarkStackSize                            = 4194304                                   {product} {ergonomic}
   size_t MaxHeapSize                              = 2147483648                                {product} {command line}
   size_t MaxMetaspaceSize                         = 536870912                                 {product} {command line}
   size_t MaxNewSize                               = 1287651328                                {product} {ergonomic}
   size_t MinHeapDeltaBytes                        = 1048576                                   {product} {ergonomic}
    uintx NonNMethodCodeHeapSize                   = 5830732                                {pd product} {ergonomic}
    uintx NonProfiledCodeHeapSize                  = 122913754                              {pd product} {ergonomic}
    uintx ProfiledCodeHeapSize                     = 122913754                              {pd product} {ergonomic}
    uintx ReservedCodeCacheSize                    = 251658240                              {pd product} {ergonomic}
     bool SegmentedCodeCache                       = true                                      {product} {ergonomic}
     bool UseCompressedClassPointers               = true                                 {lp64_product} {ergonomic}
     bool UseCompressedOops                        = true                                 {lp64_product} {ergonomic}
     bool UseG1GC                                  = true                                      {product} {ergonomic}
     bool UseLargePagesIndividualAllocation        = false                                  {pd product} {ergonomic}

Logging:
Log output configuration:
 #0: stdout all=warning uptime,level,tags
 #1: stderr all=off uptime,level,tags

Environment Variables:
JAVA_HOME=C:\Program Files\Java\jdk-11.0.16.1
CLASSPATH=C:\react-Projects\CustomerParentApp\android\\gradle\wrapper\gradle-wrapper.jar
PATH=C:\react-Projects\CustomerParentApp\node_modules\.bin;C:\react-Projects\node_modules\.bin;C:\node_modules\.bin;C:\Program Files\nodejs\node_modules\npm\node_modules\@npmcli\run-script\lib\node-gyp-bin;C:\react-Projects\CustomerParentApp\node_modules\.bin;C:\react-Projects\CustomerParentApp\node_modules\.bin;C:\react-Projects\node_modules\.bin;C:\node_modules\.bin;C:\Program Files\nodejs\node_modules\npm\node_modules\@npmcli\run-script\lib\node-gyp-bin;C:\Program Files\Common Files\Oracle\Java\javapath;C:\Python310\Scripts\;C:\Python310\;C:\WINDOWS\system32;C:\WINDOWS;C:\WINDOWS\System32\Wbem;C:\WINDOWS\System32\WindowsPowerShell\v1.0\;C:\WINDOWS\System32\OpenSSH\;C:\Users\ulaga\Downloads\gradle-7.6.2-all\gradle-7.6.2\bin;C:\Program Files\dotnet\;C:\Program Files\nodejs\;C:\ProgramData\chocolatey\bin;C:\Program Files\Java\jdk-11.0.16.1\bin;C:\Users\ulaga\AppData\Local\Android\Sdk\platform-tools;C:\Users\ulaga\AppData\Local\Android\Sdk\build-tools\29.0.0;C:\Program Files\Git\cmd;C:\Program Files\GitHub CLI\;C:\Program Files (x86)\Git\cmd;C:\Users\ulaga\AppData\Local\Microsoft\WindowsApps;C:\Dev-Apps\flutter\bin;C:\Users\ulaga\AppData\Local\Programs\Microsoft VS Code\bin;C:\Program Files\nodejs\;C:\Users\ulaga\Downloads\gradle-7.6.2-all\gradle-7.6.2\bin;C:\Users\ulaga\AppData\Roaming\npm;C:\Program Files\Java\jdk-11.0.16.1\bin;C:\Users\ulaga\AppData\Local\Android\Sdk\platform-tools;C:\Users\ulaga\AppData\Local\Android\Sdk\build-tools;C:\Users\ulaga\AppData\Local\GitHubDesktop\bin;C:\ProgramData\ulaga\GitHubDesktop\bin;C:\Users\ulaga\AppData\Local\Android\Sdk\build-tools\29.0.0;;C:\react-Projects\CustomerParentApp\node_modules\.bin
USERNAME=ulaga
OS=Windows_NT
PROCESSOR_IDENTIFIER=Intel64 Family 6 Model 140 Stepping 1, GenuineIntel



---------------  S Y S T E M  ---------------

OS: Windows 11 , 64 bit Build 22621 (10.0.22621.2215)
Hyper-V role detected

CPU:total 4 (initial active 4) (2 cores per cpu, 2 threads per core) family 6 model 140 stepping 1 microcode 0xac, cmov, cx8, fxsr, mmx, sse, sse2, sse3, ssse3, sse4.1, sse4.2, popcnt, avx, avx2, aes, clmul, erms, 3dnowpref, lzcnt, ht, tsc, tscinvbit, bmi1, bmi2, adx, evex, sha, fma

Memory: 4k page, system-wide physical 7914M (112M free)
TotalPageFile size 32490M (AvailPageFile size 4M)
current process WorkingSet (physical memory assigned to process): 99M, peak: 106M
current process commit charge ("private bytes"): 257M, peak: 267M

vm_info: Java HotSpot(TM) 64-Bit Server VM (11.0.16.1+1-LTS-1) for windows-amd64 JRE (11.0.16.1+1-LTS-1), built on Aug 16 2022 01:46:01 by "mach5one" with MS VC++ 15.9 (VS2017)

END.
